[2022-12-19 18:25:47] local.ERROR: SQLSTATE[HY000] [1049] Unknown database 'vincent_sertifikasi' (SQL: SHOW FULL TABLES WHERE table_type = 'BASE TABLE') {"exception":"[object] (Illuminate\\Database\\QueryException(code: 1049): SQLSTATE[HY000] [1049] Unknown database 'vincent_sertifikasi' (SQL: SHOW FULL TABLES WHERE table_type = 'BASE TABLE') at C:\\Users\\franciscusvalentinus\\Documents\\vincent-sertifikasi\\vendor\\laravel\\framework\\src\\Illuminate\\Database\\Connection.php:760)
[stacktrace]
#0 C:\\Users\\franciscusvalentinus\\Documents\\vincent-sertifikasi\\vendor\\laravel\\framework\\src\\Illuminate\\Database\\Connection.php(720): Illuminate\\Database\\Connection->runQueryCallback('SHOW FULL TABLE...', Array, Object(Closure))
#1 C:\\Users\\franciscusvalentinus\\Documents\\vincent-sertifikasi\\vendor\\laravel\\framework\\src\\Illuminate\\Database\\Connection.php(422): Illuminate\\Database\\Connection->run('SHOW FULL TABLE...', Array, Object(Closure))
#2 C:\\Users\\franciscusvalentinus\\Documents\\vincent-sertifikasi\\vendor\\laravel\\framework\\src\\Illuminate\\Database\\Schema\\MySqlBuilder.php(125): Illuminate\\Database\\Connection->select('SHOW FULL TABLE...')
#3 C:\\Users\\franciscusvalentinus\\Documents\\vincent-sertifikasi\\vendor\\laravel\\framework\\src\\Illuminate\\Database\\Schema\\MySqlBuilder.php(74): Illuminate\\Database\\Schema\\MySqlBuilder->getAllTables()
#4 C:\\Users\\franciscusvalentinus\\Documents\\vincent-sertifikasi\\vendor\\laravel\\framework\\src\\Illuminate\\Database\\Console\\WipeCommand.php(82): Illuminate\\Database\\Schema\\MySqlBuilder->dropAllTables()
#5 C:\\Users\\franciscusvalentinus\\Documents\\vincent-sertifikasi\\vendor\\laravel\\framework\\src\\Illuminate\\Database\\Console\\WipeCommand.php(59): Illuminate\\Database\\Console\\WipeCommand->dropAllTables(NULL)
#6 C:\\Users\\franciscusvalentinus\\Documents\\vincent-sertifikasi\\vendor\\laravel\\framework\\src\\Illuminate\\Container\\BoundMethod.php(36): Illuminate\\Database\\Console\\WipeCommand->handle()
#7 C:\\Users\\franciscusvalentinus\\Documents\\vincent-sertifikasi\\vendor\\laravel\\framework\\src\\Illuminate\\Container\\Util.php(41): Illuminate\\Container\\BoundMethod::Illuminate\\Container\\{closure}()
#8 C:\\Users\\franciscusvalentinus\\Documents\\vincent-sertifikasi\\vendor\\laravel\\framework\\src\\Illuminate\\Container\\BoundMethod.php(93): Illuminate\\Container\\Util::unwrapIfClosure(Object(Closure))
#9 C:\\Users\\franciscusvalentinus\\Documents\\vincent-sertifikasi\\vendor\\laravel\\framework\\src\\Illuminate\\Container\\BoundMethod.php(37): Illuminate\\Container\\BoundMethod::callBoundMethod(Object(Illuminate\\Foundation\\Application), Array, Object(Closure))
#10 C:\\Users\\franciscusvalentinus\\Documents\\vincent-sertifikasi\\vendor\\laravel\\framework\\src\\Illuminate\\Container\\Container.php(651): Illuminate\\Container\\BoundMethod::call(Object(Illuminate\\Foundation\\Application), Array, Array, NULL)
#11 C:\\Users\\franciscusvalentinus\\Documents\\vincent-sertifikasi\\vendor\\laravel\\framework\\src\\Illuminate\\Console\\Command.php(182): Illuminate\\Container\\Container->call(Array)
#12 C:\\Users\\franciscusvalentinus\\Documents\\vincent-sertifikasi\\vendor\\symfony\\console\\Command\\Command.php(312): Illuminate\\Console\\Command->execute(Object(Symfony\\Component\\Console\\Input\\ArrayInput), Object(Illuminate\\Console\\OutputStyle))
#13 C:\\Users\\franciscusvalentinus\\Documents\\vincent-sertifikasi\\vendor\\laravel\\framework\\src\\Illuminate\\Console\\Command.php(152): Symfony\\Component\\Console\\Command\\Command->run(Object(Symfony\\Component\\Console\\Input\\ArrayInput), Object(Illuminate\\Console\\OutputStyle))
#14 C:\\Users\\franciscusvalentinus\\Documents\\vincent-sertifikasi\\vendor\\laravel\\framework\\src\\Illuminate\\Console\\Concerns\\CallsCommands.php(68): Illuminate\\Console\\Command->run(Object(Symfony\\Component\\Console\\Input\\ArrayInput), Object(Symfony\\Component\\Console\\Output\\NullOutput))
#15 C:\\Users\\franciscusvalentinus\\Documents\\vincent-sertifikasi\\vendor\\laravel\\framework\\src\\Illuminate\\Console\\Concerns\\CallsCommands.php(40): Illuminate\\Console\\Command->runCommand('db:wipe', Array, Object(Symfony\\Component\\Console\\Output\\NullOutput))
#16 C:\\Users\\franciscusvalentinus\\Documents\\vincent-sertifikasi\\vendor\\laravel\\framework\\src\\Illuminate\\Database\\Console\\Migrations\\FreshCommand.php(45): Illuminate\\Console\\Command->callSilent('db:wipe', Array)
#17 C:\\Users\\franciscusvalentinus\\Documents\\vincent-sertifikasi\\vendor\\laravel\\framework\\src\\Illuminate\\Console\\View\\Components\\Task.php(36): Illuminate\\Database\\Console\\Migrations\\FreshCommand->Illuminate\\Database\\Console\\Migrations\\{closure}()
#18 C:\\Users\\franciscusvalentinus\\Documents\\vincent-sertifikasi\\vendor\\laravel\\framework\\src\\Illuminate\\Console\\View\\Components\\Factory.php(56): Illuminate\\Console\\View\\Components\\Task->render('Dropping all ta...', Object(Closure))
#19 C:\\Users\\franciscusvalentinus\\Documents\\vincent-sertifikasi\\vendor\\laravel\\framework\\src\\Illuminate\\Database\\Console\\Migrations\\FreshCommand.php(49): Illuminate\\Console\\View\\Components\\Factory->__call('task', Array)
#20 C:\\Users\\franciscusvalentinus\\Documents\\vincent-sertifikasi\\vendor\\laravel\\framework\\src\\Illuminate\\Container\\BoundMethod.php(36): Illuminate\\Database\\Console\\Migrations\\FreshCommand->handle()
#21 C:\\Users\\franciscusvalentinus\\Documents\\vincent-sertifikasi\\vendor\\laravel\\framework\\src\\Illuminate\\Container\\Util.php(41): Illuminate\\Container\\BoundMethod::Illuminate\\Container\\{closure}()
#22 C:\\Users\\franciscusvalentinus\\Documents\\vincent-sertifikasi\\vendor\\laravel\\framework\\src\\Illuminate\\Container\\BoundMethod.php(93): Illuminate\\Container\\Util::unwrapIfClosure(Object(Closure))
#23 C:\\Users\\franciscusvalentinus\\Documents\\vincent-sertifikasi\\vendor\\laravel\\framework\\src\\Illuminate\\Container\\BoundMethod.php(37): Illuminate\\Container\\BoundMethod::callBoundMethod(Object(Illuminate\\Foundation\\Application), Array, Object(Closure))
#24 C:\\Users\\franciscusvalentinus\\Documents\\vincent-sertifikasi\\vendor\\laravel\\framework\\src\\Illuminate\\Container\\Container.php(651): Illuminate\\Container\\BoundMethod::call(Object(Illuminate\\Foundation\\Application), Array, Array, NULL)
#25 C:\\Users\\franciscusvalentinus\\Documents\\vincent-sertifikasi\\vendor\\laravel\\framework\\src\\Illuminate\\Console\\Command.php(182): Illuminate\\Container\\Container->call(Array)
#26 C:\\Users\\franciscusvalentinus\\Documents\\vincent-sertifikasi\\vendor\\symfony\\console\\Command\\Command.php(312): Illuminate\\Console\\Command->execute(Object(Symfony\\Component\\Console\\Input\\ArgvInput), Object(Illuminate\\Console\\OutputStyle))
#27 C:\\Users\\franciscusvalentinus\\Documents\\vincent-sertifikasi\\vendor\\laravel\\framework\\src\\Illuminate\\Console\\Command.php(152): Symfony\\Component\\Console\\Command\\Command->run(Object(Symfony\\Component\\Console\\Input\\ArgvInput), Object(Illuminate\\Console\\OutputStyle))
#28 C:\\Users\\franciscusvalentinus\\Documents\\vincent-sertifikasi\\vendor\\symfony\\console\\Application.php(1022): Illuminate\\Console\\Command->run(Object(Symfony\\Component\\Console\\Input\\ArgvInput), Object(Symfony\\Component\\Console\\Output\\ConsoleOutput))
#29 C:\\Users\\franciscusvalentinus\\Documents\\vincent-sertifikasi\\vendor\\symfony\\console\\Application.php(314): Symfony\\Component\\Console\\Application->doRunCommand(Object(Illuminate\\Database\\Console\\Migrations\\FreshCommand), Object(Symfony\\Component\\Console\\Input\\ArgvInput), Object(Symfony\\Component\\Console\\Output\\ConsoleOutput))
#30 C:\\Users\\franciscusvalentinus\\Documents\\vincent-sertifikasi\\vendor\\symfony\\console\\Application.php(168): Symfony\\Component\\Console\\Application->doRun(Object(Symfony\\Component\\Console\\Input\\ArgvInput), Object(Symfony\\Component\\Console\\Output\\ConsoleOutput))
#31 C:\\Users\\franciscusvalentinus\\Documents\\vincent-sertifikasi\\vendor\\laravel\\framework\\src\\Illuminate\\Console\\Application.php(102): Symfony\\Component\\Console\\Application->run(Object(Symfony\\Component\\Console\\Input\\ArgvInput), Object(Symfony\\Component\\Console\\Output\\ConsoleOutput))
#32 C:\\Users\\franciscusvalentinus\\Documents\\vincent-sertifikasi\\vendor\\laravel\\framework\\src\\Illuminate\\Foundation\\Console\\Kernel.php(155): Illuminate\\Console\\Application->run(Object(Symfony\\Component\\Console\\Input\\ArgvInput), Object(Symfony\\Component\\Console\\Output\\ConsoleOutput))
#33 C:\\Users\\franciscusvalentinus\\Documents\\vincent-sertifikasi\\artisan(37): Illuminate\\Foundation\\Console\\Kernel->handle(Object(Symfony\\Component\\Console\\Input\\ArgvInput), Object(Symfony\\Component\\Console\\Output\\ConsoleOutput))
#34 {main}

[previous exception] [object] (PDOException(code: 1049): SQLSTATE[HY000] [1049] Unknown database 'vincent_sertifikasi' at C:\\Users\\franciscusvalentinus\\Documents\\vincent-sertifikasi\\vendor\\laravel\\framework\\src\\Illuminate\\Database\\Connectors\\Connector.php:70)
[stacktrace]
#0 C:\\Users\\franciscusvalentinus\\Documents\\vincent-sertifikasi\\vendor\\laravel\\framework\\src\\Illuminate\\Database\\Connectors\\Connector.php(70): PDO->__construct('mysql:host=127....', 'root', '', Array)
#1 C:\\Users\\franciscusvalentinus\\Documents\\vincent-sertifikasi\\vendor\\laravel\\framework\\src\\Illuminate\\Database\\Connectors\\Connector.php(46): Illuminate\\Database\\Connectors\\Connector->createPdoConnection('mysql:host=127....', 'root', '', Array)
#2 C:\\Users\\franciscusvalentinus\\Documents\\vincent-sertifikasi\\vendor\\laravel\\framework\\src\\Illuminate\\Database\\Connectors\\MySqlConnector.php(24): Illuminate\\Database\\Connectors\\Connector->createConnection('mysql:host=127....', Array, Array)
#3 C:\\Users\\franciscusvalentinus\\Documents\\vincent-sertifikasi\\vendor\\laravel\\framework\\src\\Illuminate\\Database\\Connectors\\ConnectionFactory.php(184): Illuminate\\Database\\Connectors\\MySqlConnector->connect(Array)
#4 [internal function]: Illuminate\\Database\\Connectors\\ConnectionFactory->Illuminate\\Database\\Connectors\\{closure}()
#5 C:\\Users\\franciscusvalentinus\\Documents\\vincent-sertifikasi\\vendor\\laravel\\framework\\src\\Illuminate\\Database\\Connection.php(1181): call_user_func(Object(Closure))
#6 C:\\Users\\franciscusvalentinus\\Documents\\vincent-sertifikasi\\vendor\\laravel\\framework\\src\\Illuminate\\Database\\Connection.php(1217): Illuminate\\Database\\Connection->getPdo()
#7 C:\\Users\\franciscusvalentinus\\Documents\\vincent-sertifikasi\\vendor\\laravel\\framework\\src\\Illuminate\\Database\\Connection.php(486): Illuminate\\Database\\Connection->getReadPdo()
#8 C:\\Users\\franciscusvalentinus\\Documents\\vincent-sertifikasi\\vendor\\laravel\\framework\\src\\Illuminate\\Database\\Connection.php(414): Illuminate\\Database\\Connection->getPdoForSelect(true)
#9 C:\\Users\\franciscusvalentinus\\Documents\\vincent-sertifikasi\\vendor\\laravel\\framework\\src\\Illuminate\\Database\\Connection.php(753): Illuminate\\Database\\Connection->Illuminate\\Database\\{closure}('SHOW FULL TABLE...', Array)
#10 C:\\Users\\franciscusvalentinus\\Documents\\vincent-sertifikasi\\vendor\\laravel\\framework\\src\\Illuminate\\Database\\Connection.php(720): Illuminate\\Database\\Connection->runQueryCallback('SHOW FULL TABLE...', Array, Object(Closure))
#11 C:\\Users\\franciscusvalentinus\\Documents\\vincent-sertifikasi\\vendor\\laravel\\framework\\src\\Illuminate\\Database\\Connection.php(422): Illuminate\\Database\\Connection->run('SHOW FULL TABLE...', Array, Object(Closure))
#12 C:\\Users\\franciscusvalentinus\\Documents\\vincent-sertifikasi\\vendor\\laravel\\framework\\src\\Illuminate\\Database\\Schema\\MySqlBuilder.php(125): Illuminate\\Database\\Connection->select('SHOW FULL TABLE...')
#13 C:\\Users\\franciscusvalentinus\\Documents\\vincent-sertifikasi\\vendor\\laravel\\framework\\src\\Illuminate\\Database\\Schema\\MySqlBuilder.php(74): Illuminate\\Database\\Schema\\MySqlBuilder->getAllTables()
#14 C:\\Users\\franciscusvalentinus\\Documents\\vincent-sertifikasi\\vendor\\laravel\\framework\\src\\Illuminate\\Database\\Console\\WipeCommand.php(82): Illuminate\\Database\\Schema\\MySqlBuilder->dropAllTables()
#15 C:\\Users\\franciscusvalentinus\\Documents\\vincent-sertifikasi\\vendor\\laravel\\framework\\src\\Illuminate\\Database\\Console\\WipeCommand.php(59): Illuminate\\Database\\Console\\WipeCommand->dropAllTables(NULL)
#16 C:\\Users\\franciscusvalentinus\\Documents\\vincent-sertifikasi\\vendor\\laravel\\framework\\src\\Illuminate\\Container\\BoundMethod.php(36): Illuminate\\Database\\Console\\WipeCommand->handle()
#17 C:\\Users\\franciscusvalentinus\\Documents\\vincent-sertifikasi\\vendor\\laravel\\framework\\src\\Illuminate\\Container\\Util.php(41): Illuminate\\Container\\BoundMethod::Illuminate\\Container\\{closure}()
#18 C:\\Users\\franciscusvalentinus\\Documents\\vincent-sertifikasi\\vendor\\laravel\\framework\\src\\Illuminate\\Container\\BoundMethod.php(93): Illuminate\\Container\\Util::unwrapIfClosure(Object(Closure))
#19 C:\\Users\\franciscusvalentinus\\Documents\\vincent-sertifikasi\\vendor\\laravel\\framework\\src\\Illuminate\\Container\\BoundMethod.php(37): Illuminate\\Container\\BoundMethod::callBoundMethod(Object(Illuminate\\Foundation\\Application), Array, Object(Closure))
#20 C:\\Users\\franciscusvalentinus\\Documents\\vincent-sertifikasi\\vendor\\laravel\\framework\\src\\Illuminate\\Container\\Container.php(651): Illuminate\\Container\\BoundMethod::call(Object(Illuminate\\Foundation\\Application), Array, Array, NULL)
#21 C:\\Users\\franciscusvalentinus\\Documents\\vincent-sertifikasi\\vendor\\laravel\\framework\\src\\Illuminate\\Console\\Command.php(182): Illuminate\\Container\\Container->call(Array)
#22 C:\\Users\\franciscusvalentinus\\Documents\\vincent-sertifikasi\\vendor\\symfony\\console\\Command\\Command.php(312): Illuminate\\Console\\Command->execute(Object(Symfony\\Component\\Console\\Input\\ArrayInput), Object(Illuminate\\Console\\OutputStyle))
#23 C:\\Users\\franciscusvalentinus\\Documents\\vincent-sertifikasi\\vendor\\laravel\\framework\\src\\Illuminate\\Console\\Command.php(152): Symfony\\Component\\Console\\Command\\Command->run(Object(Symfony\\Component\\Console\\Input\\ArrayInput), Object(Illuminate\\Console\\OutputStyle))
#24 C:\\Users\\franciscusvalentinus\\Documents\\vincent-sertifikasi\\vendor\\laravel\\framework\\src\\Illuminate\\Console\\Concerns\\CallsCommands.php(68): Illuminate\\Console\\Command->run(Object(Symfony\\Component\\Console\\Input\\ArrayInput), Object(Symfony\\Component\\Console\\Output\\NullOutput))
#25 C:\\Users\\franciscusvalentinus\\Documents\\vincent-sertifikasi\\vendor\\laravel\\framework\\src\\Illuminate\\Console\\Concerns\\CallsCommands.php(40): Illuminate\\Console\\Command->runCommand('db:wipe', Array, Object(Symfony\\Component\\Console\\Output\\NullOutput))
#26 C:\\Users\\franciscusvalentinus\\Documents\\vincent-sertifikasi\\vendor\\laravel\\framework\\src\\Illuminate\\Database\\Console\\Migrations\\FreshCommand.php(45): Illuminate\\Console\\Command->callSilent('db:wipe', Array)
#27 C:\\Users\\franciscusvalentinus\\Documents\\vincent-sertifikasi\\vendor\\laravel\\framework\\src\\Illuminate\\Console\\View\\Components\\Task.php(36): Illuminate\\Database\\Console\\Migrations\\FreshCommand->Illuminate\\Database\\Console\\Migrations\\{closure}()
#28 C:\\Users\\franciscusvalentinus\\Documents\\vincent-sertifikasi\\vendor\\laravel\\framework\\src\\Illuminate\\Console\\View\\Components\\Factory.php(56): Illuminate\\Console\\View\\Components\\Task->render('Dropping all ta...', Object(Closure))
#29 C:\\Users\\franciscusvalentinus\\Documents\\vincent-sertifikasi\\vendor\\laravel\\framework\\src\\Illuminate\\Database\\Console\\Migrations\\FreshCommand.php(49): Illuminate\\Console\\View\\Components\\Factory->__call('task', Array)
#30 C:\\Users\\franciscusvalentinus\\Documents\\vincent-sertifikasi\\vendor\\laravel\\framework\\src\\Illuminate\\Container\\BoundMethod.php(36): Illuminate\\Database\\Console\\Migrations\\FreshCommand->handle()
#31 C:\\Users\\franciscusvalentinus\\Documents\\vincent-sertifikasi\\vendor\\laravel\\framework\\src\\Illuminate\\Container\\Util.php(41): Illuminate\\Container\\BoundMethod::Illuminate\\Container\\{closure}()
#32 C:\\Users\\franciscusvalentinus\\Documents\\vincent-sertifikasi\\vendor\\laravel\\framework\\src\\Illuminate\\Container\\BoundMethod.php(93): Illuminate\\Container\\Util::unwrapIfClosure(Object(Closure))
#33 C:\\Users\\franciscusvalentinus\\Documents\\vincent-sertifikasi\\vendor\\laravel\\framework\\src\\Illuminate\\Container\\BoundMethod.php(37): Illuminate\\Container\\BoundMethod::callBoundMethod(Object(Illuminate\\Foundation\\Application), Array, Object(Closure))
#34 C:\\Users\\franciscusvalentinus\\Documents\\vincent-sertifikasi\\vendor\\laravel\\framework\\src\\Illuminate\\Container\\Container.php(651): Illuminate\\Container\\BoundMethod::call(Object(Illuminate\\Foundation\\Application), Array, Array, NULL)
#35 C:\\Users\\franciscusvalentinus\\Documents\\vincent-sertifikasi\\vendor\\laravel\\framework\\src\\Illuminate\\Console\\Command.php(182): Illuminate\\Container\\Container->call(Array)
#36 C:\\Users\\franciscusvalentinus\\Documents\\vincent-sertifikasi\\vendor\\symfony\\console\\Command\\Command.php(312): Illuminate\\Console\\Command->execute(Object(Symfony\\Component\\Console\\Input\\ArgvInput), Object(Illuminate\\Console\\OutputStyle))
#37 C:\\Users\\franciscusvalentinus\\Documents\\vincent-sertifikasi\\vendor\\laravel\\framework\\src\\Illuminate\\Console\\Command.php(152): Symfony\\Component\\Console\\Command\\Command->run(Object(Symfony\\Component\\Console\\Input\\ArgvInput), Object(Illuminate\\Console\\OutputStyle))
#38 C:\\Users\\franciscusvalentinus\\Documents\\vincent-sertifikasi\\vendor\\symfony\\console\\Application.php(1022): Illuminate\\Console\\Command->run(Object(Symfony\\Component\\Console\\Input\\ArgvInput), Object(Symfony\\Component\\Console\\Output\\ConsoleOutput))
#39 C:\\Users\\franciscusvalentinus\\Documents\\vincent-sertifikasi\\vendor\\symfony\\console\\Application.php(314): Symfony\\Component\\Console\\Application->doRunCommand(Object(Illuminate\\Database\\Console\\Migrations\\FreshCommand), Object(Symfony\\Component\\Console\\Input\\ArgvInput), Object(Symfony\\Component\\Console\\Output\\ConsoleOutput))
#40 C:\\Users\\franciscusvalentinus\\Documents\\vincent-sertifikasi\\vendor\\symfony\\console\\Application.php(168): Symfony\\Component\\Console\\Application->doRun(Object(Symfony\\Component\\Console\\Input\\ArgvInput), Object(Symfony\\Component\\Console\\Output\\ConsoleOutput))
#41 C:\\Users\\franciscusvalentinus\\Documents\\vincent-sertifikasi\\vendor\\laravel\\framework\\src\\Illuminate\\Console\\Application.php(102): Symfony\\Component\\Console\\Application->run(Object(Symfony\\Component\\Console\\Input\\ArgvInput), Object(Symfony\\Component\\Console\\Output\\ConsoleOutput))
#42 C:\\Users\\franciscusvalentinus\\Documents\\vincent-sertifikasi\\vendor\\laravel\\framework\\src\\Illuminate\\Foundation\\Console\\Kernel.php(155): Illuminate\\Console\\Application->run(Object(Symfony\\Component\\Console\\Input\\ArgvInput), Object(Symfony\\Component\\Console\\Output\\ConsoleOutput))
#43 C:\\Users\\franciscusvalentinus\\Documents\\vincent-sertifikasi\\artisan(37): Illuminate\\Foundation\\Console\\Kernel->handle(Object(Symfony\\Component\\Console\\Input\\ArgvInput), Object(Symfony\\Component\\Console\\Output\\ConsoleOutput))
#44 {main}
"} 
[2022-12-20 03:02:48] local.ERROR: Vite manifest not found at: C:\Users\franciscusvalentinus\Documents\GitHub\vincent-sertifikasi\public\build/manifest.json {"view":{"view":"C:\\Users\\franciscusvalentinus\\Documents\\GitHub\\vincent-sertifikasi\\resources\\views\\layouts\\app.blade.php","data":{"errors":"<pre class=sf-dump id=sf-dump-374420083 data-indent-pad=\"  \"><span class=sf-dump-note>Illuminate\\Support\\ViewErrorBag</span> {<a class=sf-dump-ref>#1236</a><samp data-depth=1 class=sf-dump-expanded>
  #<span class=sf-dump-protected title=\"Protected property\">bags</span>: []
</samp>}
</pre><script>Sfdump(\"sf-dump-374420083\", {\"maxDepth\":3,\"maxStringLength\":160})</script>
"}},"exception":"[object] (Spatie\\LaravelIgnition\\Exceptions\\ViewException(code: 0): Vite manifest not found at: C:\\Users\\franciscusvalentinus\\Documents\\GitHub\\vincent-sertifikasi\\public\\build/manifest.json at C:\\Users\\franciscusvalentinus\\Documents\\GitHub\\vincent-sertifikasi\\vendor\\laravel\\framework\\src\\Illuminate\\Foundation\\Vite.php:675)
[stacktrace]
#0 C:\\Users\\franciscusvalentinus\\Documents\\GitHub\\vincent-sertifikasi\\vendor\\laravel\\framework\\src\\Illuminate\\Foundation\\Vite.php(273): Illuminate\\Foundation\\Vite->manifest('build')
#1 C:\\Users\\franciscusvalentinus\\Documents\\GitHub\\vincent-sertifikasi\\storage\\framework\\views\\2aa2ea7daf8e5cbfc42edb1cc3884bc27b40a299.php(17): Illuminate\\Foundation\\Vite->__invoke(Object(Illuminate\\Support\\Collection))
#2 C:\\Users\\franciscusvalentinus\\Documents\\GitHub\\vincent-sertifikasi\\vendor\\laravel\\framework\\src\\Illuminate\\Filesystem\\Filesystem.php(109): require('C:\\\\Users\\\\franci...')
#3 C:\\Users\\franciscusvalentinus\\Documents\\GitHub\\vincent-sertifikasi\\vendor\\laravel\\framework\\src\\Illuminate\\Filesystem\\Filesystem.php(110): Illuminate\\Filesystem\\Filesystem::Illuminate\\Filesystem\\{closure}()
#4 C:\\Users\\franciscusvalentinus\\Documents\\GitHub\\vincent-sertifikasi\\vendor\\laravel\\framework\\src\\Illuminate\\View\\Engines\\PhpEngine.php(58): Illuminate\\Filesystem\\Filesystem->getRequire('C:\\\\Users\\\\franci...', Array)
#5 C:\\Users\\franciscusvalentinus\\Documents\\GitHub\\vincent-sertifikasi\\vendor\\laravel\\framework\\src\\Illuminate\\View\\Engines\\CompilerEngine.php(70): Illuminate\\View\\Engines\\PhpEngine->evaluatePath('C:\\\\Users\\\\franci...', Array)
#6 C:\\Users\\franciscusvalentinus\\Documents\\GitHub\\vincent-sertifikasi\\vendor\\laravel\\framework\\src\\Illuminate\\View\\View.php(152): Illuminate\\View\\Engines\\CompilerEngine->get('C:\\\\Users\\\\franci...', Array)
#7 C:\\Users\\franciscusvalentinus\\Documents\\GitHub\\vincent-sertifikasi\\vendor\\laravel\\framework\\src\\Illuminate\\View\\View.php(135): Illuminate\\View\\View->getContents()
#8 C:\\Users\\franciscusvalentinus\\Documents\\GitHub\\vincent-sertifikasi\\vendor\\laravel\\framework\\src\\Illuminate\\View\\View.php(104): Illuminate\\View\\View->renderContents()
#9 C:\\Users\\franciscusvalentinus\\Documents\\GitHub\\vincent-sertifikasi\\storage\\framework\\views\\7dba279932b90ff1a5eede53ee8d4be26647af37.php(104): Illuminate\\View\\View->render()
#10 C:\\Users\\franciscusvalentinus\\Documents\\GitHub\\vincent-sertifikasi\\vendor\\laravel\\framework\\src\\Illuminate\\Filesystem\\Filesystem.php(109): require('C:\\\\Users\\\\franci...')
#11 C:\\Users\\franciscusvalentinus\\Documents\\GitHub\\vincent-sertifikasi\\vendor\\laravel\\framework\\src\\Illuminate\\Filesystem\\Filesystem.php(110): Illuminate\\Filesystem\\Filesystem::Illuminate\\Filesystem\\{closure}()
#12 C:\\Users\\franciscusvalentinus\\Documents\\GitHub\\vincent-sertifikasi\\vendor\\laravel\\framework\\src\\Illuminate\\View\\Engines\\PhpEngine.php(58): Illuminate\\Filesystem\\Filesystem->getRequire('C:\\\\Users\\\\franci...', Array)
#13 C:\\Users\\franciscusvalentinus\\Documents\\GitHub\\vincent-sertifikasi\\vendor\\laravel\\framework\\src\\Illuminate\\View\\Engines\\CompilerEngine.php(70): Illuminate\\View\\Engines\\PhpEngine->evaluatePath('C:\\\\Users\\\\franci...', Array)
#14 C:\\Users\\franciscusvalentinus\\Documents\\GitHub\\vincent-sertifikasi\\vendor\\laravel\\framework\\src\\Illuminate\\View\\View.php(152): Illuminate\\View\\Engines\\CompilerEngine->get('C:\\\\Users\\\\franci...', Array)
#15 C:\\Users\\franciscusvalentinus\\Documents\\GitHub\\vincent-sertifikasi\\vendor\\laravel\\framework\\src\\Illuminate\\View\\View.php(135): Illuminate\\View\\View->getContents()
#16 C:\\Users\\franciscusvalentinus\\Documents\\GitHub\\vincent-sertifikasi\\vendor\\laravel\\framework\\src\\Illuminate\\View\\View.php(104): Illuminate\\View\\View->renderContents()
#17 C:\\Users\\franciscusvalentinus\\Documents\\GitHub\\vincent-sertifikasi\\vendor\\laravel\\framework\\src\\Illuminate\\Http\\Response.php(69): Illuminate\\View\\View->render()
#18 C:\\Users\\franciscusvalentinus\\Documents\\GitHub\\vincent-sertifikasi\\vendor\\laravel\\framework\\src\\Illuminate\\Http\\Response.php(35): Illuminate\\Http\\Response->setContent(Object(Illuminate\\View\\View))
#19 C:\\Users\\franciscusvalentinus\\Documents\\GitHub\\vincent-sertifikasi\\vendor\\laravel\\framework\\src\\Illuminate\\Routing\\Router.php(906): Illuminate\\Http\\Response->__construct(Object(Illuminate\\View\\View), 200, Array)
#20 C:\\Users\\franciscusvalentinus\\Documents\\GitHub\\vincent-sertifikasi\\vendor\\laravel\\framework\\src\\Illuminate\\Routing\\Router.php(875): Illuminate\\Routing\\Router::toResponse(Object(Illuminate\\Http\\Request), Object(Illuminate\\View\\View))
#21 C:\\Users\\franciscusvalentinus\\Documents\\GitHub\\vincent-sertifikasi\\vendor\\laravel\\framework\\src\\Illuminate\\Routing\\Router.php(798): Illuminate\\Routing\\Router->prepareResponse(Object(Illuminate\\Http\\Request), Object(Illuminate\\View\\View))
#22 C:\\Users\\franciscusvalentinus\\Documents\\GitHub\\vincent-sertifikasi\\vendor\\laravel\\framework\\src\\Illuminate\\Pipeline\\Pipeline.php(141): Illuminate\\Routing\\Router->Illuminate\\Routing\\{closure}(Object(Illuminate\\Http\\Request))
#23 C:\\Users\\franciscusvalentinus\\Documents\\GitHub\\vincent-sertifikasi\\vendor\\laravel\\framework\\src\\Illuminate\\Routing\\Middleware\\SubstituteBindings.php(50): Illuminate\\Pipeline\\Pipeline->Illuminate\\Pipeline\\{closure}(Object(Illuminate\\Http\\Request))
#24 C:\\Users\\franciscusvalentinus\\Documents\\GitHub\\vincent-sertifikasi\\vendor\\laravel\\framework\\src\\Illuminate\\Pipeline\\Pipeline.php(180): Illuminate\\Routing\\Middleware\\SubstituteBindings->handle(Object(Illuminate\\Http\\Request), Object(Closure))
#25 C:\\Users\\franciscusvalentinus\\Documents\\GitHub\\vincent-sertifikasi\\vendor\\laravel\\framework\\src\\Illuminate\\Foundation\\Http\\Middleware\\VerifyCsrfToken.php(78): Illuminate\\Pipeline\\Pipeline->Illuminate\\Pipeline\\{closure}(Object(Illuminate\\Http\\Request))
#26 C:\\Users\\franciscusvalentinus\\Documents\\GitHub\\vincent-sertifikasi\\vendor\\laravel\\framework\\src\\Illuminate\\Pipeline\\Pipeline.php(180): Illuminate\\Foundation\\Http\\Middleware\\VerifyCsrfToken->handle(Object(Illuminate\\Http\\Request), Object(Closure))
#27 C:\\Users\\franciscusvalentinus\\Documents\\GitHub\\vincent-sertifikasi\\vendor\\laravel\\framework\\src\\Illuminate\\View\\Middleware\\ShareErrorsFromSession.php(49): Illuminate\\Pipeline\\Pipeline->Illuminate\\Pipeline\\{closure}(Object(Illuminate\\Http\\Request))
#28 C:\\Users\\franciscusvalentinus\\Documents\\GitHub\\vincent-sertifikasi\\vendor\\laravel\\framework\\src\\Illuminate\\Pipeline\\Pipeline.php(180): Illuminate\\View\\Middleware\\ShareErrorsFromSession->handle(Object(Illuminate\\Http\\Request), Object(Closure))
#29 C:\\Users\\franciscusvalentinus\\Documents\\GitHub\\vincent-sertifikasi\\vendor\\laravel\\framework\\src\\Illuminate\\Session\\Middleware\\StartSession.php(121): Illuminate\\Pipeline\\Pipeline->Illuminate\\Pipeline\\{closure}(Object(Illuminate\\Http\\Request))
#30 C:\\Users\\franciscusvalentinus\\Documents\\GitHub\\vincent-sertifikasi\\vendor\\laravel\\framework\\src\\Illuminate\\Session\\Middleware\\StartSession.php(64): Illuminate\\Session\\Middleware\\StartSession->handleStatefulRequest(Object(Illuminate\\Http\\Request), Object(Illuminate\\Session\\Store), Object(Closure))
#31 C:\\Users\\franciscusvalentinus\\Documents\\GitHub\\vincent-sertifikasi\\vendor\\laravel\\framework\\src\\Illuminate\\Pipeline\\Pipeline.php(180): Illuminate\\Session\\Middleware\\StartSession->handle(Object(Illuminate\\Http\\Request), Object(Closure))
#32 C:\\Users\\franciscusvalentinus\\Documents\\GitHub\\vincent-sertifikasi\\vendor\\laravel\\framework\\src\\Illuminate\\Cookie\\Middleware\\AddQueuedCookiesToResponse.php(37): Illuminate\\Pipeline\\Pipeline->Illuminate\\Pipeline\\{closure}(Object(Illuminate\\Http\\Request))
#33 C:\\Users\\franciscusvalentinus\\Documents\\GitHub\\vincent-sertifikasi\\vendor\\laravel\\framework\\src\\Illuminate\\Pipeline\\Pipeline.php(180): Illuminate\\Cookie\\Middleware\\AddQueuedCookiesToResponse->handle(Object(Illuminate\\Http\\Request), Object(Closure))
#34 C:\\Users\\franciscusvalentinus\\Documents\\GitHub\\vincent-sertifikasi\\vendor\\laravel\\framework\\src\\Illuminate\\Cookie\\Middleware\\EncryptCookies.php(67): Illuminate\\Pipeline\\Pipeline->Illuminate\\Pipeline\\{closure}(Object(Illuminate\\Http\\Request))
#35 C:\\Users\\franciscusvalentinus\\Documents\\GitHub\\vincent-sertifikasi\\vendor\\laravel\\framework\\src\\Illuminate\\Pipeline\\Pipeline.php(180): Illuminate\\Cookie\\Middleware\\EncryptCookies->handle(Object(Illuminate\\Http\\Request), Object(Closure))
#36 C:\\Users\\franciscusvalentinus\\Documents\\GitHub\\vincent-sertifikasi\\vendor\\laravel\\framework\\src\\Illuminate\\Pipeline\\Pipeline.php(116): Illuminate\\Pipeline\\Pipeline->Illuminate\\Pipeline\\{closure}(Object(Illuminate\\Http\\Request))
#37 C:\\Users\\franciscusvalentinus\\Documents\\GitHub\\vincent-sertifikasi\\vendor\\laravel\\framework\\src\\Illuminate\\Routing\\Router.php(799): Illuminate\\Pipeline\\Pipeline->then(Object(Closure))
#38 C:\\Users\\franciscusvalentinus\\Documents\\GitHub\\vincent-sertifikasi\\vendor\\laravel\\framework\\src\\Illuminate\\Routing\\Router.php(776): Illuminate\\Routing\\Router->runRouteWithinStack(Object(Illuminate\\Routing\\Route), Object(Illuminate\\Http\\Request))
#39 C:\\Users\\franciscusvalentinus\\Documents\\GitHub\\vincent-sertifikasi\\vendor\\laravel\\framework\\src\\Illuminate\\Routing\\Router.php(740): Illuminate\\Routing\\Router->runRoute(Object(Illuminate\\Http\\Request), Object(Illuminate\\Routing\\Route))
#40 C:\\Users\\franciscusvalentinus\\Documents\\GitHub\\vincent-sertifikasi\\vendor\\laravel\\framework\\src\\Illuminate\\Routing\\Router.php(729): Illuminate\\Routing\\Router->dispatchToRoute(Object(Illuminate\\Http\\Request))
#41 C:\\Users\\franciscusvalentinus\\Documents\\GitHub\\vincent-sertifikasi\\vendor\\laravel\\framework\\src\\Illuminate\\Foundation\\Http\\Kernel.php(190): Illuminate\\Routing\\Router->dispatch(Object(Illuminate\\Http\\Request))
#42 C:\\Users\\franciscusvalentinus\\Documents\\GitHub\\vincent-sertifikasi\\vendor\\laravel\\framework\\src\\Illuminate\\Pipeline\\Pipeline.php(141): Illuminate\\Foundation\\Http\\Kernel->Illuminate\\Foundation\\Http\\{closure}(Object(Illuminate\\Http\\Request))
#43 C:\\Users\\franciscusvalentinus\\Documents\\GitHub\\vincent-sertifikasi\\vendor\\laravel\\framework\\src\\Illuminate\\Foundation\\Http\\Middleware\\TransformsRequest.php(21): Illuminate\\Pipeline\\Pipeline->Illuminate\\Pipeline\\{closure}(Object(Illuminate\\Http\\Request))
#44 C:\\Users\\franciscusvalentinus\\Documents\\GitHub\\vincent-sertifikasi\\vendor\\laravel\\framework\\src\\Illuminate\\Foundation\\Http\\Middleware\\ConvertEmptyStringsToNull.php(31): Illuminate\\Foundation\\Http\\Middleware\\TransformsRequest->handle(Object(Illuminate\\Http\\Request), Object(Closure))
#45 C:\\Users\\franciscusvalentinus\\Documents\\GitHub\\vincent-sertifikasi\\vendor\\laravel\\framework\\src\\Illuminate\\Pipeline\\Pipeline.php(180): Illuminate\\Foundation\\Http\\Middleware\\ConvertEmptyStringsToNull->handle(Object(Illuminate\\Http\\Request), Object(Closure))
#46 C:\\Users\\franciscusvalentinus\\Documents\\GitHub\\vincent-sertifikasi\\vendor\\laravel\\framework\\src\\Illuminate\\Foundation\\Http\\Middleware\\TransformsRequest.php(21): Illuminate\\Pipeline\\Pipeline->Illuminate\\Pipeline\\{closure}(Object(Illuminate\\Http\\Request))
#47 C:\\Users\\franciscusvalentinus\\Documents\\GitHub\\vincent-sertifikasi\\vendor\\laravel\\framework\\src\\Illuminate\\Foundation\\Http\\Middleware\\TrimStrings.php(40): Illuminate\\Foundation\\Http\\Middleware\\TransformsRequest->handle(Object(Illuminate\\Http\\Request), Object(Closure))
#48 C:\\Users\\franciscusvalentinus\\Documents\\GitHub\\vincent-sertifikasi\\vendor\\laravel\\framework\\src\\Illuminate\\Pipeline\\Pipeline.php(180): Illuminate\\Foundation\\Http\\Middleware\\TrimStrings->handle(Object(Illuminate\\Http\\Request), Object(Closure))
#49 C:\\Users\\franciscusvalentinus\\Documents\\GitHub\\vincent-sertifikasi\\vendor\\laravel\\framework\\src\\Illuminate\\Foundation\\Http\\Middleware\\ValidatePostSize.php(27): Illuminate\\Pipeline\\Pipeline->Illuminate\\Pipeline\\{closure}(Object(Illuminate\\Http\\Request))
#50 C:\\Users\\franciscusvalentinus\\Documents\\GitHub\\vincent-sertifikasi\\vendor\\laravel\\framework\\src\\Illuminate\\Pipeline\\Pipeline.php(180): Illuminate\\Foundation\\Http\\Middleware\\ValidatePostSize->handle(Object(Illuminate\\Http\\Request), Object(Closure))
#51 C:\\Users\\franciscusvalentinus\\Documents\\GitHub\\vincent-sertifikasi\\vendor\\laravel\\framework\\src\\Illuminate\\Foundation\\Http\\Middleware\\PreventRequestsDuringMaintenance.php(86): Illuminate\\Pipeline\\Pipeline->Illuminate\\Pipeline\\{closure}(Object(Illuminate\\Http\\Request))
#52 C:\\Users\\franciscusvalentinus\\Documents\\GitHub\\vincent-sertifikasi\\vendor\\laravel\\framework\\src\\Illuminate\\Pipeline\\Pipeline.php(180): Illuminate\\Foundation\\Http\\Middleware\\PreventRequestsDuringMaintenance->handle(Object(Illuminate\\Http\\Request), Object(Closure))
#53 C:\\Users\\franciscusvalentinus\\Documents\\GitHub\\vincent-sertifikasi\\vendor\\laravel\\framework\\src\\Illuminate\\Http\\Middleware\\HandleCors.php(49): Illuminate\\Pipeline\\Pipeline->Illuminate\\Pipeline\\{closure}(Object(Illuminate\\Http\\Request))
#54 C:\\Users\\franciscusvalentinus\\Documents\\GitHub\\vincent-sertifikasi\\vendor\\laravel\\framework\\src\\Illuminate\\Pipeline\\Pipeline.php(180): Illuminate\\Http\\Middleware\\HandleCors->handle(Object(Illuminate\\Http\\Request), Object(Closure))
#55 C:\\Users\\franciscusvalentinus\\Documents\\GitHub\\vincent-sertifikasi\\vendor\\laravel\\framework\\src\\Illuminate\\Http\\Middleware\\TrustProxies.php(39): Illuminate\\Pipeline\\Pipeline->Illuminate\\Pipeline\\{closure}(Object(Illuminate\\Http\\Request))
#56 C:\\Users\\franciscusvalentinus\\Documents\\GitHub\\vincent-sertifikasi\\vendor\\laravel\\framework\\src\\Illuminate\\Pipeline\\Pipeline.php(180): Illuminate\\Http\\Middleware\\TrustProxies->handle(Object(Illuminate\\Http\\Request), Object(Closure))
#57 C:\\Users\\franciscusvalentinus\\Documents\\GitHub\\vincent-sertifikasi\\vendor\\laravel\\framework\\src\\Illuminate\\Pipeline\\Pipeline.php(116): Illuminate\\Pipeline\\Pipeline->Illuminate\\Pipeline\\{closure}(Object(Illuminate\\Http\\Request))
#58 C:\\Users\\franciscusvalentinus\\Documents\\GitHub\\vincent-sertifikasi\\vendor\\laravel\\framework\\src\\Illuminate\\Foundation\\Http\\Kernel.php(165): Illuminate\\Pipeline\\Pipeline->then(Object(Closure))
#59 C:\\Users\\franciscusvalentinus\\Documents\\GitHub\\vincent-sertifikasi\\vendor\\laravel\\framework\\src\\Illuminate\\Foundation\\Http\\Kernel.php(134): Illuminate\\Foundation\\Http\\Kernel->sendRequestThroughRouter(Object(Illuminate\\Http\\Request))
#60 C:\\Users\\franciscusvalentinus\\Documents\\GitHub\\vincent-sertifikasi\\public\\index.php(52): Illuminate\\Foundation\\Http\\Kernel->handle(Object(Illuminate\\Http\\Request))
#61 C:\\Users\\franciscusvalentinus\\Documents\\GitHub\\vincent-sertifikasi\\vendor\\laravel\\framework\\src\\Illuminate\\Foundation\\resources\\server.php(16): require_once('C:\\\\Users\\\\franci...')
#62 {main}

[previous exception] [object] (Exception(code: 0): Vite manifest not found at: C:\\Users\\franciscusvalentinus\\Documents\\GitHub\\vincent-sertifikasi\\public\\build/manifest.json at C:\\Users\\franciscusvalentinus\\Documents\\GitHub\\vincent-sertifikasi\\vendor\\laravel\\framework\\src\\Illuminate\\Foundation\\Vite.php:675)
[stacktrace]
#0 C:\\Users\\franciscusvalentinus\\Documents\\GitHub\\vincent-sertifikasi\\vendor\\laravel\\framework\\src\\Illuminate\\Foundation\\Vite.php(273): Illuminate\\Foundation\\Vite->manifest('build')
#1 C:\\Users\\franciscusvalentinus\\Documents\\GitHub\\vincent-sertifikasi\\storage\\framework\\views\\2aa2ea7daf8e5cbfc42edb1cc3884bc27b40a299.php(17): Illuminate\\Foundation\\Vite->__invoke(Object(Illuminate\\Support\\Collection))
#2 C:\\Users\\franciscusvalentinus\\Documents\\GitHub\\vincent-sertifikasi\\vendor\\laravel\\framework\\src\\Illuminate\\Filesystem\\Filesystem.php(109): require('C:\\\\Users\\\\franci...')
#3 C:\\Users\\franciscusvalentinus\\Documents\\GitHub\\vincent-sertifikasi\\vendor\\laravel\\framework\\src\\Illuminate\\Filesystem\\Filesystem.php(110): Illuminate\\Filesystem\\Filesystem::Illuminate\\Filesystem\\{closure}()
#4 C:\\Users\\franciscusvalentinus\\Documents\\GitHub\\vincent-sertifikasi\\vendor\\laravel\\framework\\src\\Illuminate\\View\\Engines\\PhpEngine.php(58): Illuminate\\Filesystem\\Filesystem->getRequire('C:\\\\Users\\\\franci...', Array)
#5 C:\\Users\\franciscusvalentinus\\Documents\\GitHub\\vincent-sertifikasi\\vendor\\laravel\\framework\\src\\Illuminate\\View\\Engines\\CompilerEngine.php(70): Illuminate\\View\\Engines\\PhpEngine->evaluatePath('C:\\\\Users\\\\franci...', Array)
#6 C:\\Users\\franciscusvalentinus\\Documents\\GitHub\\vincent-sertifikasi\\vendor\\laravel\\framework\\src\\Illuminate\\View\\View.php(152): Illuminate\\View\\Engines\\CompilerEngine->get('C:\\\\Users\\\\franci...', Array)
#7 C:\\Users\\franciscusvalentinus\\Documents\\GitHub\\vincent-sertifikasi\\vendor\\laravel\\framework\\src\\Illuminate\\View\\View.php(135): Illuminate\\View\\View->getContents()
#8 C:\\Users\\franciscusvalentinus\\Documents\\GitHub\\vincent-sertifikasi\\vendor\\laravel\\framework\\src\\Illuminate\\View\\View.php(104): Illuminate\\View\\View->renderContents()
#9 C:\\Users\\franciscusvalentinus\\Documents\\GitHub\\vincent-sertifikasi\\storage\\framework\\views\\7dba279932b90ff1a5eede53ee8d4be26647af37.php(104): Illuminate\\View\\View->render()
#10 C:\\Users\\franciscusvalentinus\\Documents\\GitHub\\vincent-sertifikasi\\vendor\\laravel\\framework\\src\\Illuminate\\Filesystem\\Filesystem.php(109): require('C:\\\\Users\\\\franci...')
#11 C:\\Users\\franciscusvalentinus\\Documents\\GitHub\\vincent-sertifikasi\\vendor\\laravel\\framework\\src\\Illuminate\\Filesystem\\Filesystem.php(110): Illuminate\\Filesystem\\Filesystem::Illuminate\\Filesystem\\{closure}()
#12 C:\\Users\\franciscusvalentinus\\Documents\\GitHub\\vincent-sertifikasi\\vendor\\laravel\\framework\\src\\Illuminate\\View\\Engines\\PhpEngine.php(58): Illuminate\\Filesystem\\Filesystem->getRequire('C:\\\\Users\\\\franci...', Array)
#13 C:\\Users\\franciscusvalentinus\\Documents\\GitHub\\vincent-sertifikasi\\vendor\\laravel\\framework\\src\\Illuminate\\View\\Engines\\CompilerEngine.php(70): Illuminate\\View\\Engines\\PhpEngine->evaluatePath('C:\\\\Users\\\\franci...', Array)
#14 C:\\Users\\franciscusvalentinus\\Documents\\GitHub\\vincent-sertifikasi\\vendor\\laravel\\framework\\src\\Illuminate\\View\\View.php(152): Illuminate\\View\\Engines\\CompilerEngine->get('C:\\\\Users\\\\franci...', Array)
#15 C:\\Users\\franciscusvalentinus\\Documents\\GitHub\\vincent-sertifikasi\\vendor\\laravel\\framework\\src\\Illuminate\\View\\View.php(135): Illuminate\\View\\View->getContents()
#16 C:\\Users\\franciscusvalentinus\\Documents\\GitHub\\vincent-sertifikasi\\vendor\\laravel\\framework\\src\\Illuminate\\View\\View.php(104): Illuminate\\View\\View->renderContents()
#17 C:\\Users\\franciscusvalentinus\\Documents\\GitHub\\vincent-sertifikasi\\vendor\\laravel\\framework\\src\\Illuminate\\Http\\Response.php(69): Illuminate\\View\\View->render()
#18 C:\\Users\\franciscusvalentinus\\Documents\\GitHub\\vincent-sertifikasi\\vendor\\laravel\\framework\\src\\Illuminate\\Http\\Response.php(35): Illuminate\\Http\\Response->setContent(Object(Illuminate\\View\\View))
#19 C:\\Users\\franciscusvalentinus\\Documents\\GitHub\\vincent-sertifikasi\\vendor\\laravel\\framework\\src\\Illuminate\\Routing\\Router.php(906): Illuminate\\Http\\Response->__construct(Object(Illuminate\\View\\View), 200, Array)
#20 C:\\Users\\franciscusvalentinus\\Documents\\GitHub\\vincent-sertifikasi\\vendor\\laravel\\framework\\src\\Illuminate\\Routing\\Router.php(875): Illuminate\\Routing\\Router::toResponse(Object(Illuminate\\Http\\Request), Object(Illuminate\\View\\View))
#21 C:\\Users\\franciscusvalentinus\\Documents\\GitHub\\vincent-sertifikasi\\vendor\\laravel\\framework\\src\\Illuminate\\Routing\\Router.php(798): Illuminate\\Routing\\Router->prepareResponse(Object(Illuminate\\Http\\Request), Object(Illuminate\\View\\View))
#22 C:\\Users\\franciscusvalentinus\\Documents\\GitHub\\vincent-sertifikasi\\vendor\\laravel\\framework\\src\\Illuminate\\Pipeline\\Pipeline.php(141): Illuminate\\Routing\\Router->Illuminate\\Routing\\{closure}(Object(Illuminate\\Http\\Request))
#23 C:\\Users\\franciscusvalentinus\\Documents\\GitHub\\vincent-sertifikasi\\vendor\\laravel\\framework\\src\\Illuminate\\Routing\\Middleware\\SubstituteBindings.php(50): Illuminate\\Pipeline\\Pipeline->Illuminate\\Pipeline\\{closure}(Object(Illuminate\\Http\\Request))
#24 C:\\Users\\franciscusvalentinus\\Documents\\GitHub\\vincent-sertifikasi\\vendor\\laravel\\framework\\src\\Illuminate\\Pipeline\\Pipeline.php(180): Illuminate\\Routing\\Middleware\\SubstituteBindings->handle(Object(Illuminate\\Http\\Request), Object(Closure))
#25 C:\\Users\\franciscusvalentinus\\Documents\\GitHub\\vincent-sertifikasi\\vendor\\laravel\\framework\\src\\Illuminate\\Foundation\\Http\\Middleware\\VerifyCsrfToken.php(78): Illuminate\\Pipeline\\Pipeline->Illuminate\\Pipeline\\{closure}(Object(Illuminate\\Http\\Request))
#26 C:\\Users\\franciscusvalentinus\\Documents\\GitHub\\vincent-sertifikasi\\vendor\\laravel\\framework\\src\\Illuminate\\Pipeline\\Pipeline.php(180): Illuminate\\Foundation\\Http\\Middleware\\VerifyCsrfToken->handle(Object(Illuminate\\Http\\Request), Object(Closure))
#27 C:\\Users\\franciscusvalentinus\\Documents\\GitHub\\vincent-sertifikasi\\vendor\\laravel\\framework\\src\\Illuminate\\View\\Middleware\\ShareErrorsFromSession.php(49): Illuminate\\Pipeline\\Pipeline->Illuminate\\Pipeline\\{closure}(Object(Illuminate\\Http\\Request))
#28 C:\\Users\\franciscusvalentinus\\Documents\\GitHub\\vincent-sertifikasi\\vendor\\laravel\\framework\\src\\Illuminate\\Pipeline\\Pipeline.php(180): Illuminate\\View\\Middleware\\ShareErrorsFromSession->handle(Object(Illuminate\\Http\\Request), Object(Closure))
#29 C:\\Users\\franciscusvalentinus\\Documents\\GitHub\\vincent-sertifikasi\\vendor\\laravel\\framework\\src\\Illuminate\\Session\\Middleware\\StartSession.php(121): Illuminate\\Pipeline\\Pipeline->Illuminate\\Pipeline\\{closure}(Object(Illuminate\\Http\\Request))
#30 C:\\Users\\franciscusvalentinus\\Documents\\GitHub\\vincent-sertifikasi\\vendor\\laravel\\framework\\src\\Illuminate\\Session\\Middleware\\StartSession.php(64): Illuminate\\Session\\Middleware\\StartSession->handleStatefulRequest(Object(Illuminate\\Http\\Request), Object(Illuminate\\Session\\Store), Object(Closure))
#31 C:\\Users\\franciscusvalentinus\\Documents\\GitHub\\vincent-sertifikasi\\vendor\\laravel\\framework\\src\\Illuminate\\Pipeline\\Pipeline.php(180): Illuminate\\Session\\Middleware\\StartSession->handle(Object(Illuminate\\Http\\Request), Object(Closure))
#32 C:\\Users\\franciscusvalentinus\\Documents\\GitHub\\vincent-sertifikasi\\vendor\\laravel\\framework\\src\\Illuminate\\Cookie\\Middleware\\AddQueuedCookiesToResponse.php(37): Illuminate\\Pipeline\\Pipeline->Illuminate\\Pipeline\\{closure}(Object(Illuminate\\Http\\Request))
#33 C:\\Users\\franciscusvalentinus\\Documents\\GitHub\\vincent-sertifikasi\\vendor\\laravel\\framework\\src\\Illuminate\\Pipeline\\Pipeline.php(180): Illuminate\\Cookie\\Middleware\\AddQueuedCookiesToResponse->handle(Object(Illuminate\\Http\\Request), Object(Closure))
#34 C:\\Users\\franciscusvalentinus\\Documents\\GitHub\\vincent-sertifikasi\\vendor\\laravel\\framework\\src\\Illuminate\\Cookie\\Middleware\\EncryptCookies.php(67): Illuminate\\Pipeline\\Pipeline->Illuminate\\Pipeline\\{closure}(Object(Illuminate\\Http\\Request))
#35 C:\\Users\\franciscusvalentinus\\Documents\\GitHub\\vincent-sertifikasi\\vendor\\laravel\\framework\\src\\Illuminate\\Pipeline\\Pipeline.php(180): Illuminate\\Cookie\\Middleware\\EncryptCookies->handle(Object(Illuminate\\Http\\Request), Object(Closure))
#36 C:\\Users\\franciscusvalentinus\\Documents\\GitHub\\vincent-sertifikasi\\vendor\\laravel\\framework\\src\\Illuminate\\Pipeline\\Pipeline.php(116): Illuminate\\Pipeline\\Pipeline->Illuminate\\Pipeline\\{closure}(Object(Illuminate\\Http\\Request))
#37 C:\\Users\\franciscusvalentinus\\Documents\\GitHub\\vincent-sertifikasi\\vendor\\laravel\\framework\\src\\Illuminate\\Routing\\Router.php(799): Illuminate\\Pipeline\\Pipeline->then(Object(Closure))
#38 C:\\Users\\franciscusvalentinus\\Documents\\GitHub\\vincent-sertifikasi\\vendor\\laravel\\framework\\src\\Illuminate\\Routing\\Router.php(776): Illuminate\\Routing\\Router->runRouteWithinStack(Object(Illuminate\\Routing\\Route), Object(Illuminate\\Http\\Request))
#39 C:\\Users\\franciscusvalentinus\\Documents\\GitHub\\vincent-sertifikasi\\vendor\\laravel\\framework\\src\\Illuminate\\Routing\\Router.php(740): Illuminate\\Routing\\Router->runRoute(Object(Illuminate\\Http\\Request), Object(Illuminate\\Routing\\Route))
#40 C:\\Users\\franciscusvalentinus\\Documents\\GitHub\\vincent-sertifikasi\\vendor\\laravel\\framework\\src\\Illuminate\\Routing\\Router.php(729): Illuminate\\Routing\\Router->dispatchToRoute(Object(Illuminate\\Http\\Request))
#41 C:\\Users\\franciscusvalentinus\\Documents\\GitHub\\vincent-sertifikasi\\vendor\\laravel\\framework\\src\\Illuminate\\Foundation\\Http\\Kernel.php(190): Illuminate\\Routing\\Router->dispatch(Object(Illuminate\\Http\\Request))
#42 C:\\Users\\franciscusvalentinus\\Documents\\GitHub\\vincent-sertifikasi\\vendor\\laravel\\framework\\src\\Illuminate\\Pipeline\\Pipeline.php(141): Illuminate\\Foundation\\Http\\Kernel->Illuminate\\Foundation\\Http\\{closure}(Object(Illuminate\\Http\\Request))
#43 C:\\Users\\franciscusvalentinus\\Documents\\GitHub\\vincent-sertifikasi\\vendor\\laravel\\framework\\src\\Illuminate\\Foundation\\Http\\Middleware\\TransformsRequest.php(21): Illuminate\\Pipeline\\Pipeline->Illuminate\\Pipeline\\{closure}(Object(Illuminate\\Http\\Request))
#44 C:\\Users\\franciscusvalentinus\\Documents\\GitHub\\vincent-sertifikasi\\vendor\\laravel\\framework\\src\\Illuminate\\Foundation\\Http\\Middleware\\ConvertEmptyStringsToNull.php(31): Illuminate\\Foundation\\Http\\Middleware\\TransformsRequest->handle(Object(Illuminate\\Http\\Request), Object(Closure))
#45 C:\\Users\\franciscusvalentinus\\Documents\\GitHub\\vincent-sertifikasi\\vendor\\laravel\\framework\\src\\Illuminate\\Pipeline\\Pipeline.php(180): Illuminate\\Foundation\\Http\\Middleware\\ConvertEmptyStringsToNull->handle(Object(Illuminate\\Http\\Request), Object(Closure))
#46 C:\\Users\\franciscusvalentinus\\Documents\\GitHub\\vincent-sertifikasi\\vendor\\laravel\\framework\\src\\Illuminate\\Foundation\\Http\\Middleware\\TransformsRequest.php(21): Illuminate\\Pipeline\\Pipeline->Illuminate\\Pipeline\\{closure}(Object(Illuminate\\Http\\Request))
#47 C:\\Users\\franciscusvalentinus\\Documents\\GitHub\\vincent-sertifikasi\\vendor\\laravel\\framework\\src\\Illuminate\\Foundation\\Http\\Middleware\\TrimStrings.php(40): Illuminate\\Foundation\\Http\\Middleware\\TransformsRequest->handle(Object(Illuminate\\Http\\Request), Object(Closure))
#48 C:\\Users\\franciscusvalentinus\\Documents\\GitHub\\vincent-sertifikasi\\vendor\\laravel\\framework\\src\\Illuminate\\Pipeline\\Pipeline.php(180): Illuminate\\Foundation\\Http\\Middleware\\TrimStrings->handle(Object(Illuminate\\Http\\Request), Object(Closure))
#49 C:\\Users\\franciscusvalentinus\\Documents\\GitHub\\vincent-sertifikasi\\vendor\\laravel\\framework\\src\\Illuminate\\Foundation\\Http\\Middleware\\ValidatePostSize.php(27): Illuminate\\Pipeline\\Pipeline->Illuminate\\Pipeline\\{closure}(Object(Illuminate\\Http\\Request))
#50 C:\\Users\\franciscusvalentinus\\Documents\\GitHub\\vincent-sertifikasi\\vendor\\laravel\\framework\\src\\Illuminate\\Pipeline\\Pipeline.php(180): Illuminate\\Foundation\\Http\\Middleware\\ValidatePostSize->handle(Object(Illuminate\\Http\\Request), Object(Closure))
#51 C:\\Users\\franciscusvalentinus\\Documents\\GitHub\\vincent-sertifikasi\\vendor\\laravel\\framework\\src\\Illuminate\\Foundation\\Http\\Middleware\\PreventRequestsDuringMaintenance.php(86): Illuminate\\Pipeline\\Pipeline->Illuminate\\Pipeline\\{closure}(Object(Illuminate\\Http\\Request))
#52 C:\\Users\\franciscusvalentinus\\Documents\\GitHub\\vincent-sertifikasi\\vendor\\laravel\\framework\\src\\Illuminate\\Pipeline\\Pipeline.php(180): Illuminate\\Foundation\\Http\\Middleware\\PreventRequestsDuringMaintenance->handle(Object(Illuminate\\Http\\Request), Object(Closure))
#53 C:\\Users\\franciscusvalentinus\\Documents\\GitHub\\vincent-sertifikasi\\vendor\\laravel\\framework\\src\\Illuminate\\Http\\Middleware\\HandleCors.php(49): Illuminate\\Pipeline\\Pipeline->Illuminate\\Pipeline\\{closure}(Object(Illuminate\\Http\\Request))
#54 C:\\Users\\franciscusvalentinus\\Documents\\GitHub\\vincent-sertifikasi\\vendor\\laravel\\framework\\src\\Illuminate\\Pipeline\\Pipeline.php(180): Illuminate\\Http\\Middleware\\HandleCors->handle(Object(Illuminate\\Http\\Request), Object(Closure))
#55 C:\\Users\\franciscusvalentinus\\Documents\\GitHub\\vincent-sertifikasi\\vendor\\laravel\\framework\\src\\Illuminate\\Http\\Middleware\\TrustProxies.php(39): Illuminate\\Pipeline\\Pipeline->Illuminate\\Pipeline\\{closure}(Object(Illuminate\\Http\\Request))
#56 C:\\Users\\franciscusvalentinus\\Documents\\GitHub\\vincent-sertifikasi\\vendor\\laravel\\framework\\src\\Illuminate\\Pipeline\\Pipeline.php(180): Illuminate\\Http\\Middleware\\TrustProxies->handle(Object(Illuminate\\Http\\Request), Object(Closure))
#57 C:\\Users\\franciscusvalentinus\\Documents\\GitHub\\vincent-sertifikasi\\vendor\\laravel\\framework\\src\\Illuminate\\Pipeline\\Pipeline.php(116): Illuminate\\Pipeline\\Pipeline->Illuminate\\Pipeline\\{closure}(Object(Illuminate\\Http\\Request))
#58 C:\\Users\\franciscusvalentinus\\Documents\\GitHub\\vincent-sertifikasi\\vendor\\laravel\\framework\\src\\Illuminate\\Foundation\\Http\\Kernel.php(165): Illuminate\\Pipeline\\Pipeline->then(Object(Closure))
#59 C:\\Users\\franciscusvalentinus\\Documents\\GitHub\\vincent-sertifikasi\\vendor\\laravel\\framework\\src\\Illuminate\\Foundation\\Http\\Kernel.php(134): Illuminate\\Foundation\\Http\\Kernel->sendRequestThroughRouter(Object(Illuminate\\Http\\Request))
#60 C:\\Users\\franciscusvalentinus\\Documents\\GitHub\\vincent-sertifikasi\\public\\index.php(52): Illuminate\\Foundation\\Http\\Kernel->handle(Object(Illuminate\\Http\\Request))
#61 C:\\Users\\franciscusvalentinus\\Documents\\GitHub\\vincent-sertifikasi\\vendor\\laravel\\framework\\src\\Illuminate\\Foundation\\resources\\server.php(16): require_once('C:\\\\Users\\\\franci...')
#62 {main}
"} 
